<?xml version="1.0" encoding="UTF-8"?>
<!-- Generated by org.testng.reporters.JUnitXMLReporter -->
<testsuite ignored="0" hostname="mhurtado-note" failures="0" tests="2" name="EdgeTest" time="0.003" errors="0" timestamp="11 feb. 2021 16:29:16 GMT">
  <testcase classname="grid.CrossBrowser" name="@BeforeTest lauchBrowser" time="0.001">
    <failure type="java.lang.NullPointerException">
      <![CDATA[java.lang.NullPointerException
at grid.CrossBrowser.lauchBrowser(CrossBrowser.java:65)
at java.base/java.util.concurrent.FutureTask.run(FutureTask.java:264)
at java.base/java.util.concurrent.ThreadPoolExecutor.runWorker(ThreadPoolExecutor.java:1130)
at java.base/java.util.concurrent.ThreadPoolExecutor$Worker.run(ThreadPoolExecutor.java:630)
at java.base/java.lang.Thread.run(Thread.java:832)
... Removed 15 stack frames]]>
    </failure>
  </testcase> <!-- @BeforeTest lauchBrowser -->
  <testcase classname="grid.CrossBrowser" name="@BeforeMethod verifityHomePageTitle" time="0.0">
    <skipped/>
  </testcase> <!-- @BeforeMethod verifityHomePageTitle -->
  <testcase classname="grid.CrossBrowser" name="@AfterMethod goBackToHomePage" time="0.0">
    <skipped/>
  </testcase> <!-- @AfterMethod goBackToHomePage -->
  <testcase classname="grid.CrossBrowser" name="@BeforeMethod verifityHomePageTitle" time="0.0">
    <skipped/>
  </testcase> <!-- @BeforeMethod verifityHomePageTitle -->
  <testcase classname="grid.CrossBrowser" name="@AfterMethod goBackToHomePage" time="0.0">
    <skipped/>
  </testcase> <!-- @AfterMethod goBackToHomePage -->
  <testcase classname="grid.CrossBrowser" name="@AfterTest tearDown" time="0.0">
    <skipped/>
  </testcase> <!-- @AfterTest tearDown -->
  <testcase classname="grid.CrossBrowser" name="support" time="0.0">
    <skipped/>
  </testcase> <!-- support -->
  <testcase classname="grid.CrossBrowser" name="register" time="0.0">
    <skipped/>
  </testcase> <!-- register -->
</testsuite> <!-- EdgeTest -->
