<?xml version="1.0" encoding="UTF-8"?>
<testsuite xmlns:xsi="http://www.w3.org/2001/XMLSchema-instance" xsi:noNamespaceSchemaLocation="https://maven.apache.org/surefire/maven-surefire-plugin/xsd/surefire-test-report.xsd" name="runner.Testrunner" time="35.19" tests="13" errors="0" skipped="0" failures="0">
  <properties>
[...]
</properties>
  <testcase name="Given El usuario se encuentra en la página de Gestión Corredor y Hace click sobre el botón Productos Marketing" classname="Scenario: Ingresar al catologo de productos Markenting en la página Gestión Corredor y Contratar un servicio" time="0.002"/>
  <testcase name="And Se debe redireccionar a la página productos" classname="Scenario: Ingresar al catologo de productos Markenting en la página Gestión Corredor y Contratar un servicio" time="0"/>
  <testcase name="And Hace click sobre la tarjeta del producto a contratar" classname="Scenario: Ingresar al catologo de productos Markenting en la página Gestión Corredor y Contratar un servicio" time="0"/>
  <testcase name="And Visualiza la información del producto seleccionado, se Hacer click al botón Comprar" classname="Scenario: Ingresar al catologo de productos Markenting en la página Gestión Corredor y Contratar un servicio" time="0"/>
  <testcase name="And Se debe redireccionar a la página de login" classname="Scenario: Ingresar al catologo de productos Markenting en la página Gestión Corredor y Contratar un servicio" time="0"/>
  <testcase name="And Ingresa los credenciales del usuario corredor" classname="Scenario: Ingresar al catologo de productos Markenting en la página Gestión Corredor y Contratar un servicio" time="0"/>
  <testcase name="When Cuando el usuario ingrese la información requerida válida" classname="Scenario: Ingresar al catologo de productos Markenting en la página Gestión Corredor y Contratar un servicio" time="0"/>
  <testcase name="And Se llena los formularios con los campos solicitados" classname="Scenario: Ingresar al catologo de productos Markenting en la página Gestión Corredor y Contratar un servicio" time="0"/>
  <testcase name="And Tilda el checkbox Declaro conocer y aceptar los Términos y condiciones de TOCTOC" classname="Scenario: Ingresar al catologo de productos Markenting en la página Gestión Corredor y Contratar un servicio" time="0"/>
  <testcase name="And Tilda el checkbox Actualizar la información ingresada" classname="Scenario: Ingresar al catologo de productos Markenting en la página Gestión Corredor y Contratar un servicio" time="0"/>
  <testcase name="And Hace click al botón Enviar" classname="Scenario: Ingresar al catologo de productos Markenting en la página Gestión Corredor y Contratar un servicio" time="0"/>
  <testcase name="Then Se debe redireccionar a la página Detalle del contrato y visualizar medio de pago disponibles" classname="Scenario: Ingresar al catologo de productos Markenting en la página Gestión Corredor y Contratar un servicio" time="0"/>
  <testcase name="Scenario: Ingresar al catologo de productos Markenting en la página Gestión Corredor y Contratar un servicio" classname="Scenario: Ingresar al catologo de productos Markenting en la página Gestión Corredor y Contratar un servicio" time="0.673"/>
</testsuite>